2020-02-02 20:58:53 ERROR WebApp:43 - Error during server start
org.apache.catalina.LifecycleException: Failed to start component [StandardServer[-1]]
	at org.apache.catalina.util.LifecycleBase.start(LifecycleBase.java:167)
	at org.apache.catalina.startup.Tomcat.start(Tomcat.java:367)
	at ua.epam.WebApp.main(WebApp.java:40)
Caused by: org.apache.catalina.LifecycleException: Failed to start component [StandardService[Tomcat]]
	at org.apache.catalina.util.LifecycleBase.start(LifecycleBase.java:167)
	at org.apache.catalina.core.StandardServer.startInternal(StandardServer.java:793)
	at org.apache.catalina.util.LifecycleBase.start(LifecycleBase.java:150)
	... 2 more
Caused by: org.apache.catalina.LifecycleException: Failed to start component [StandardEngine[Tomcat]]
	at org.apache.catalina.util.LifecycleBase.start(LifecycleBase.java:167)
	at org.apache.catalina.core.StandardService.startInternal(StandardService.java:422)
	at org.apache.catalina.util.LifecycleBase.start(LifecycleBase.java:150)
	... 4 more
Caused by: org.apache.catalina.LifecycleException: A child container failed during start
	at org.apache.catalina.core.ContainerBase.startInternal(ContainerBase.java:948)
	at org.apache.catalina.core.StandardEngine.startInternal(StandardEngine.java:262)
	at org.apache.catalina.util.LifecycleBase.start(LifecycleBase.java:150)
	... 6 more
2020-02-02 21:00:11 ERROR WebApp:43 - Error during server start
org.apache.catalina.LifecycleException: Failed to start component [StandardServer[-1]]
	at org.apache.catalina.util.LifecycleBase.start(LifecycleBase.java:167)
	at org.apache.catalina.startup.Tomcat.start(Tomcat.java:367)
	at ua.epam.WebApp.main(WebApp.java:40)
Caused by: org.apache.catalina.LifecycleException: Failed to start component [StandardService[Tomcat]]
	at org.apache.catalina.util.LifecycleBase.start(LifecycleBase.java:167)
	at org.apache.catalina.core.StandardServer.startInternal(StandardServer.java:793)
	at org.apache.catalina.util.LifecycleBase.start(LifecycleBase.java:150)
	... 2 more
Caused by: org.apache.catalina.LifecycleException: Failed to start component [StandardEngine[Tomcat]]
	at org.apache.catalina.util.LifecycleBase.start(LifecycleBase.java:167)
	at org.apache.catalina.core.StandardService.startInternal(StandardService.java:422)
	at org.apache.catalina.util.LifecycleBase.start(LifecycleBase.java:150)
	... 4 more
Caused by: org.apache.catalina.LifecycleException: A child container failed during start
	at org.apache.catalina.core.ContainerBase.startInternal(ContainerBase.java:948)
	at org.apache.catalina.core.StandardEngine.startInternal(StandardEngine.java:262)
	at org.apache.catalina.util.LifecycleBase.start(LifecycleBase.java:150)
	... 6 more
